<?xml version="1.0" encoding="UTF-8"?>
<!-- Generated by org.testng.reporters.JUnitXMLReporter -->
<testsuite ignored="6" hostname="DESKTOP-VTS6CAM" failures="0" tests="3" name="Default test" time="34.468" errors="0" timestamp="2021-10-25T18:45:32 EET">
  <testcase classname="Test.testMethod" name="differnetSeachData" time="7.537"/>
  <testcase classname="Test.testMethod" name="differnetSeachData" time="7.34"/>
  <testcase classname="Test.testMethod" name="differnetSeachData" time="7.561"/>
  <testcase classname="Test.testMethod" name="relatedResults" time="0.0">
    <ignored/>
  </testcase> <!-- relatedResults -->
  <testcase classname="Test.testMethod" name="selectSuggestion" time="0.0">
    <ignored/>
  </testcase> <!-- selectSuggestion -->
  <testcase classname="Test.testMethod" name="displaySuggestions" time="0.0">
    <ignored/>
  </testcase> <!-- displaySuggestions -->
  <testcase classname="Test.testMethod" name="clearOption" time="0.0">
    <ignored/>
  </testcase> <!-- clearOption -->
  <testcase classname="Test.testMethod" name="relatedSuggestions" time="0.0">
    <ignored/>
  </testcase> <!-- relatedSuggestions -->
  <testcase classname="Test.testMethod" name="resultPageSearch" time="0.0">
    <ignored/>
  </testcase> <!-- resultPageSearch -->
</testsuite> <!-- Default test -->
