<?xml version="1.0" encoding="UTF-8"?>
<testng-results ignored="6" total="9" passed="3" failed="0" skipped="0">
  <reporter-output>
  </reporter-output>
  <suite started-at="2021-10-25T18:44:57 EET" name="Default suite" finished-at="2021-10-25T18:45:32 EET" duration-ms="34468">
    <groups>
    </groups>
    <test started-at="2021-10-25T18:44:57 EET" name="Default test" finished-at="2021-10-25T18:45:32 EET" duration-ms="34468">
      <class name="Test.testMethod">
        <test-method is-config="true" signature="setup()[pri:0, instance:Test.testMethod@29e495ff]" started-at="2021-10-25T18:44:58 EET" name="setup" finished-at="2021-10-25T18:45:02 EET" duration-ms="4606" status="PASS">
          <reporter-output>
          </reporter-output>
        </test-method> <!-- setup -->
        <test-method signature="differnetSeachData(java.lang.String)[pri:7, instance:Test.testMethod@29e495ff]" started-at="2021-10-25T18:45:02 EET" name="differnetSeachData" data-provider="dataProvider" finished-at="2021-10-25T18:45:10 EET" duration-ms="7537" status="PASS">
          <params>
            <param index="0">
              <value>
                <![CDATA[2020]]>
              </value>
            </param>
          </params>
          <reporter-output>
          </reporter-output>
        </test-method> <!-- differnetSeachData -->
        <test-method is-config="true" signature="setup()[pri:0, instance:Test.testMethod@29e495ff]" started-at="2021-10-25T18:45:10 EET" name="setup" finished-at="2021-10-25T18:45:13 EET" duration-ms="3624" status="PASS">
          <reporter-output>
          </reporter-output>
        </test-method> <!-- setup -->
        <test-method signature="differnetSeachData(java.lang.String)[pri:7, instance:Test.testMethod@29e495ff]" started-at="2021-10-25T18:45:13 EET" name="differnetSeachData" data-provider="dataProvider" finished-at="2021-10-25T18:45:21 EET" duration-ms="7340" status="PASS">
          <params>
            <param index="0">
              <value>
                <![CDATA[20$]]>
              </value>
            </param>
          </params>
          <reporter-output>
          </reporter-output>
        </test-method> <!-- differnetSeachData -->
        <test-method is-config="true" signature="setup()[pri:0, instance:Test.testMethod@29e495ff]" started-at="2021-10-25T18:45:21 EET" name="setup" finished-at="2021-10-25T18:45:24 EET" duration-ms="3683" status="PASS">
          <reporter-output>
          </reporter-output>
        </test-method> <!-- setup -->
        <test-method signature="differnetSeachData(java.lang.String)[pri:7, instance:Test.testMethod@29e495ff]" started-at="2021-10-25T18:45:24 EET" name="differnetSeachData" data-provider="dataProvider" finished-at="2021-10-25T18:45:32 EET" duration-ms="7561" status="PASS">
          <params>
            <param index="0">
              <value>
                <![CDATA[there is a time when the operation of the machine become so odious]]>
              </value>
            </param>
          </params>
          <reporter-output>
          </reporter-output>
        </test-method> <!-- differnetSeachData -->
      </class> <!-- Test.testMethod -->
    </test> <!-- Default test -->
  </suite> <!-- Default suite -->
</testng-results>
